# JRE version: OpenJDK Runtime Environment (21.0.9) (build 21.0.9+-14649483-b1163.86)
# Java VM: OpenJDK 64-Bit Server VM (21.0.9+-14649483-b1163.86, mixed mode, tiered, compressed oops, compressed class ptrs, g1 gc, windows-amd64)
GC Precious Log:
 CardTable entry size: 512
 Card Set container configuration: InlinePtr #cards 4 size 8 Array Of Cards #cards 32 size 80 Howl #buckets 8 coarsen threshold 7372 Howl Bitmap #cards 1024 size 144 coarsen threshold 921 Card regions per heap region 1 cards per card region 8192
 CPUs: 8 total, 8 available
 Memory: 7998M
 Large Page Support: Disabled
 NUMA Support: Disabled
 Compressed Oops: Enabled (Zero based)
 Heap Region Size: 4M
 Heap Min Capacity: 8M
 Heap Initial Capacity: 128M
 Heap Max Capacity: 8G
 Pre-touch: Disabled
 Parallel Workers: 8
 Concurrent Workers: 2
 Concurrent Refinement Workers: 8
 Periodic GC: Disabled
Heap:
 garbage-first heap   total 466944K, used 343867K [0x0000000600000000, 0x0000000800000000)
  region size 4096K, 10 young (40960K), 2 survivors (8192K)
 Metaspace       used 144628K, committed 147264K, reserved 1179648K
  class space    used 19947K, committed 21184K, reserved 1048576K
GC Heap History (20 events):
Event: 230.850 GC heap before
{Heap before GC invocations=73 (full 0):
 garbage-first heap   total 364544K, used 294435K [0x0000000600000000, 0x0000000800000000)
  region size 4096K, 23 young (94208K), 3 survivors (12288K)
 Metaspace       used 128667K, committed 131136K, reserved 1179648K
  class space    used 18052K, committed 19264K, reserved 1048576K
}
Event: 230.870 GC heap after
{Heap after GC invocations=74 (full 0):
 garbage-first heap   total 364544K, used 221676K [0x0000000600000000, 0x0000000800000000)
  region size 4096K, 2 young (8192K), 2 survivors (8192K)
 Metaspace       used 128667K, committed 131136K, reserved 1179648K
  class space    used 18052K, committed 19264K, reserved 1048576K
}
Event: 232.433 GC heap before
{Heap before GC invocations=74 (full 0):
 garbage-first heap   total 364544K, used 315884K [0x0000000600000000, 0x0000000800000000)
  region size 4096K, 26 young (106496K), 2 survivors (8192K)
 Metaspace       used 128735K, committed 131200K, reserved 1179648K
  class space    used 18061K, committed 19264K, reserved 1048576K
}
Event: 232.457 GC heap after
{Heap after GC invocations=75 (full 0):
 garbage-first heap   total 364544K, used 225308K [0x0000000600000000, 0x0000000800000000)
  region size 4096K, 4 young (16384K), 4 survivors (16384K)
 Metaspace       used 128735K, committed 131200K, reserved 1179648K
  class space    used 18061K, committed 19264K, reserved 1048576K
}
Event: 236.192 GC heap before
{Heap before GC invocations=75 (full 0):
 garbage-first heap   total 364544K, used 323612K [0x0000000600000000, 0x0000000800000000)
  region size 4096K, 29 young (118784K), 4 survivors (16384K)
 Metaspace       used 128899K, committed 131392K, reserved 1179648K
  class space    used 18078K, committed 19264K, reserved 1048576K
}
Event: 236.209 GC heap after
{Heap after GC invocations=76 (full 0):
 garbage-first heap   total 438272K, used 232007K [0x0000000600000000, 0x0000000800000000)
  region size 4096K, 4 young (16384K), 4 survivors (16384K)
 Metaspace       used 128899K, committed 131392K, reserved 1179648K
  class space    used 18078K, committed 19264K, reserved 1048576K
}
Event: 240.840 GC heap before
{Heap before GC invocations=77 (full 0):
 garbage-first heap   total 438272K, used 367175K [0x0000000600000000, 0x0000000800000000)
  region size 4096K, 38 young (155648K), 4 survivors (16384K)
 Metaspace       used 129414K, committed 132032K, reserved 1179648K
  class space    used 18146K, committed 19392K, reserved 1048576K
}
Event: 240.869 GC heap after
{Heap after GC invocations=78 (full 0):
 garbage-first heap   total 438272K, used 247749K [0x0000000600000000, 0x0000000800000000)
  region size 4096K, 5 young (20480K), 5 survivors (20480K)
 Metaspace       used 129414K, committed 132032K, reserved 1179648K
  class space    used 18146K, committed 19392K, reserved 1048576K
}
Event: 243.921 GC heap before
{Heap before GC invocations=78 (full 0):
 garbage-first heap   total 438272K, used 391109K [0x0000000600000000, 0x0000000800000000)
  region size 4096K, 41 young (167936K), 5 survivors (20480K)
 Metaspace       used 129856K, committed 132480K, reserved 1179648K
  class space    used 18200K, committed 19456K, reserved 1048576K
}
Event: 243.959 GC heap after
{Heap after GC invocations=79 (full 0):
 garbage-first heap   total 442368K, used 262387K [0x0000000600000000, 0x0000000800000000)
  region size 4096K, 5 young (20480K), 5 survivors (20480K)
 Metaspace       used 129856K, committed 132480K, reserved 1179648K
  class space    used 18200K, committed 19456K, reserved 1048576K
}
Event: 245.451 GC heap before
{Heap before GC invocations=79 (full 0):
 garbage-first heap   total 442368K, used 389363K [0x0000000600000000, 0x0000000800000000)
  region size 4096K, 37 young (151552K), 5 survivors (20480K)
 Metaspace       used 130132K, committed 132800K, reserved 1179648K
  class space    used 18230K, committed 19520K, reserved 1048576K
}
Event: 245.472 GC heap after
{Heap after GC invocations=80 (full 0):
 garbage-first heap   total 442368K, used 271449K [0x0000000600000000, 0x0000000800000000)
  region size 4096K, 4 young (16384K), 4 survivors (16384K)
 Metaspace       used 130132K, committed 132800K, reserved 1179648K
  class space    used 18230K, committed 19520K, reserved 1048576K
}
Event: 249.356 GC heap before
{Heap before GC invocations=81 (full 0):
 garbage-first heap   total 466944K, used 390233K [0x0000000600000000, 0x0000000800000000)
  region size 4096K, 34 young (139264K), 4 survivors (16384K)
 Metaspace       used 135944K, committed 138624K, reserved 1179648K
  class space    used 19048K, committed 20288K, reserved 1048576K
}
Event: 249.382 GC heap after
{Heap after GC invocations=82 (full 0):
 garbage-first heap   total 466944K, used 279289K [0x0000000600000000, 0x0000000800000000)
  region size 4096K, 3 young (12288K), 3 survivors (12288K)
 Metaspace       used 135944K, committed 138624K, reserved 1179648K
  class space    used 19048K, committed 20288K, reserved 1048576K
}
Event: 257.635 GC heap before
{Heap before GC invocations=82 (full 0):
 garbage-first heap   total 466944K, used 418553K [0x0000000600000000, 0x0000000800000000)
  region size 4096K, 37 young (151552K), 3 survivors (12288K)
 Metaspace       used 139268K, committed 141952K, reserved 1179648K
  class space    used 19433K, committed 20672K, reserved 1048576K
}
Event: 257.718 GC heap after
{Heap after GC invocations=83 (full 0):
 garbage-first heap   total 466944K, used 299968K [0x0000000600000000, 0x0000000800000000)
  region size 4096K, 5 young (20480K), 5 survivors (20480K)
 Metaspace       used 139268K, committed 141952K, reserved 1179648K
  class space    used 19433K, committed 20672K, reserved 1048576K
}
Event: 336.444 GC heap before
{Heap before GC invocations=83 (full 0):
 garbage-first heap   total 466944K, used 410560K [0x0000000600000000, 0x0000000800000000)
  region size 4096K, 33 young (135168K), 5 survivors (20480K)
 Metaspace       used 143200K, committed 145920K, reserved 1179648K
  class space    used 19751K, committed 20992K, reserved 1048576K
}
Event: 336.958 GC heap after
{Heap after GC invocations=84 (full 0):
 garbage-first heap   total 466944K, used 316705K [0x0000000600000000, 0x0000000800000000)
  region size 4096K, 4 young (16384K), 4 survivors (16384K)
 Metaspace       used 143200K, committed 145920K, reserved 1179648K
  class space    used 19751K, committed 20992K, reserved 1048576K
}
Event: 347.248 GC heap before
{Heap before GC invocations=84 (full 0):
 garbage-first heap   total 466944K, used 419105K [0x0000000600000000, 0x0000000800000000)
  region size 4096K, 30 young (122880K), 4 survivors (16384K)
 Metaspace       used 143558K, committed 146240K, reserved 1179648K
  class space    used 19797K, committed 21056K, reserved 1048576K
}
Event: 347.325 GC heap after
{Heap after GC invocations=85 (full 0):
 garbage-first heap   total 466944K, used 319291K [0x0000000600000000, 0x0000000800000000)
  region size 4096K, 2 young (8192K), 2 survivors (8192K)
 Metaspace       used 143558K, committed 146240K, reserved 1179648K
  class space    used 19797K, committed 21056K, reserved 1048576K
}

